Arguments: 
  /Users/philkunz/.nvm/versions/node/v9.7.1/bin/node /Users/philkunz/.yarn/bin/yarn.js remove smartcsv

PATH: 
  /Users/philkunz/.yarn/bin:/Users/philkunz/.config/yarn/global/node_modules/.bin:/usr/local/bin:/usr/bin:/bin:/usr/sbin:/sbin:/Users/philkunz/.yarn/bin:/Users/philkunz/.config/yarn/global/node_modules/.bin:/Users/philkunz/.nvm/versions/node/v9.7.1/bin

Yarn version: 
  1.5.1

Node version: 
  9.7.1

Platform: 
  darwin x64

npm manifest: 
  {
    "name": "@pushrocks/smartcsv",
    "version": "1.0.1",
    "description": "handle csv data",
    "main": "dist/index.js",
    "typings": "dist/index.d.ts",
    "author": "Lossless GmbH",
    "license": "",
    "scripts": {
      "test": "(npmts)",
      "format": "(gitzone format)"
    },
    "devDependencies": {
      "tapbundle": "^2.0.0"
    },
    "dependencies": {
      "csv": "^3.0.2"
    }
  }

yarn manifest: 
  No manifest

Lockfile: 
  # THIS IS AN AUTOGENERATED FILE. DO NOT EDIT THIS FILE DIRECTLY.
  # yarn lockfile v1
  
  
  "@types/chai-as-promised@^7.1.0":
    version "7.1.0"
    resolved "https://registry.yarnpkg.com/@types/chai-as-promised/-/chai-as-promised-7.1.0.tgz#010b04cde78eacfb6e72bfddb3e58fe23c2e78b9"
    dependencies:
      "@types/chai" "*"
  
  "@types/chai-string@^1.4.0":
    version "1.4.1"
    resolved "https://registry.yarnpkg.com/@types/chai-string/-/chai-string-1.4.1.tgz#3a9d22716c27f2759bf272a4dbbdb593f18399e3"
    dependencies:
      "@types/chai" "*"
  
  "@types/chai@*", "@types/chai@^4.1.2":
    version "4.1.3"
    resolved "https://registry.yarnpkg.com/@types/chai/-/chai-4.1.3.tgz#b8a74352977a23b604c01aa784f5b793443fb7dc"
  
  ansi-256-colors@^1.1.0:
    version "1.1.0"
    resolved "https://registry.yarnpkg.com/ansi-256-colors/-/ansi-256-colors-1.1.0.tgz#910de50efcc7c09e3d82f2f87abd6b700c18818a"
  
  assertion-error@^1.0.1:
    version "1.1.0"
    resolved "https://registry.yarnpkg.com/assertion-error/-/assertion-error-1.1.0.tgz#e60b6b0e8f301bd97e5375215bda406c85118c0b"
  
  beautycolor@^1.0.7:
    version "1.0.11"
    resolved "https://registry.yarnpkg.com/beautycolor/-/beautycolor-1.0.11.tgz#71c5568d5a7ed5c144d3a54f753ad1b08862aea5"
    dependencies:
      ansi-256-colors "^1.1.0"
      typings-global "^1.0.14"
  
  bindings@^1.2.1:
    version "1.3.0"
    resolved "https://registry.yarnpkg.com/bindings/-/bindings-1.3.0.tgz#b346f6ecf6a95f5a815c5839fc7cdb22502f1ed7"
  
  chai-as-promised@^7.1.1:
    version "7.1.1"
    resolved "https://registry.yarnpkg.com/chai-as-promised/-/chai-as-promised-7.1.1.tgz#08645d825deb8696ee61725dbf590c012eb00ca0"
    dependencies:
      check-error "^1.0.2"
  
  chai-string@^1.4.0:
    version "1.4.0"
    resolved "https://registry.yarnpkg.com/chai-string/-/chai-string-1.4.0.tgz#359140c051d36a4e4b1a5fc6b910152f438a8d49"
  
  chai@^4.1.2:
    version "4.1.2"
    resolved "https://registry.yarnpkg.com/chai/-/chai-4.1.2.tgz#0f64584ba642f0f2ace2806279f4f06ca23ad73c"
    dependencies:
      assertion-error "^1.0.1"
      check-error "^1.0.1"
      deep-eql "^3.0.0"
      get-func-name "^2.0.0"
      pathval "^1.0.0"
      type-detect "^4.0.0"
  
  check-error@^1.0.1, check-error@^1.0.2:
    version "1.0.2"
    resolved "https://registry.yarnpkg.com/check-error/-/check-error-1.0.2.tgz#574d312edd88bb5dd8912e9286dd6c0aed4aac82"
  
  csv-generate@^2.0.2:
    version "2.0.2"
    resolved "https://registry.yarnpkg.com/csv-generate/-/csv-generate-2.0.2.tgz#1c26c52be318f1f0b6435f8df3d1249fb1503f4b"
  
  csv-parse@^2.2.0:
    version "2.4.0"
    resolved "https://registry.yarnpkg.com/csv-parse/-/csv-parse-2.4.0.tgz#d4c72a1533734b2c2a65f486d13091264cacc115"
  
  csv-stringify@^3.0.0:
    version "3.0.0"
    resolved "https://registry.yarnpkg.com/csv-stringify/-/csv-stringify-3.0.0.tgz#ed2b4eaae5a3be382309f7864168458970307d7f"
    dependencies:
      lodash.get "~4.4.2"
  
  csv@^3.0.2:
    version "3.0.2"
    resolved "https://registry.yarnpkg.com/csv/-/csv-3.0.2.tgz#3f29d92cd27c75e3ba21265b5cad29bd2d785358"
    dependencies:
      csv-generate "^2.0.2"
      csv-parse "^2.2.0"
      csv-stringify "^3.0.0"
      stream-transform "^1.0.2"
  
  deep-eql@^3.0.0:
    version "3.0.1"
    resolved "https://registry.yarnpkg.com/deep-eql/-/deep-eql-3.0.1.tgz#dfc9404400ad1c8fe023e7da1df1c147c4b444df"
    dependencies:
      type-detect "^4.0.0"
  
  define-properties@^1.1.2:
    version "1.1.2"
    resolved "https://registry.yarnpkg.com/define-properties/-/define-properties-1.1.2.tgz#83a73f2fea569898fb737193c8f873caf6d45c94"
    dependencies:
      foreach "^2.0.5"
      object-keys "^1.0.8"
  
  early@^2.1.1:
    version "2.1.1"
    resolved "https://registry.yarnpkg.com/early/-/early-2.1.1.tgz#841e23254ea5dc54d8afaeee82f5ab65c00ee23c"
    dependencies:
      beautycolor "^1.0.7"
      smartq "^1.1.1"
      typings-global "^1.0.16"
  
  es-abstract@^1.5.1:
    version "1.11.0"
    resolved "https://registry.yarnpkg.com/es-abstract/-/es-abstract-1.11.0.tgz#cce87d518f0496893b1a30cd8461835535480681"
    dependencies:
      es-to-primitive "^1.1.1"
      function-bind "^1.1.1"
      has "^1.0.1"
      is-callable "^1.1.3"
      is-regex "^1.0.4"
  
  es-to-primitive@^1.1.1:
    version "1.1.1"
    resolved "https://registry.yarnpkg.com/es-to-primitive/-/es-to-primitive-1.1.1.tgz#45355248a88979034b6792e19bb81f2b7975dd0d"
    dependencies:
      is-callable "^1.1.1"
      is-date-object "^1.0.1"
      is-symbol "^1.0.1"
  
  es6-error@^4.0.2:
    version "4.1.1"
    resolved "https://registry.yarnpkg.com/es6-error/-/es6-error-4.1.1.tgz#9e3af407459deed47e9a91f9b885a84eb05c561d"
  
  foreach@^2.0.5:
    version "2.0.5"
    resolved "https://registry.yarnpkg.com/foreach/-/foreach-2.0.5.tgz#0bee005018aeb260d0a3af3ae658dd0136ec1b99"
  
  function-bind@^1.0.2, function-bind@^1.1.1:
    version "1.1.1"
    resolved "https://registry.yarnpkg.com/function-bind/-/function-bind-1.1.1.tgz#a56899d3ea3c9bab874bb9773b7c5ede92f4895d"
  
  get-func-name@^2.0.0:
    version "2.0.0"
    resolved "https://registry.yarnpkg.com/get-func-name/-/get-func-name-2.0.0.tgz#ead774abee72e20409433a066366023dd6887a41"
  
  has@^1.0.1:
    version "1.0.1"
    resolved "https://registry.yarnpkg.com/has/-/has-1.0.1.tgz#8461733f538b0837c9361e39a9ab9e9704dc2f28"
    dependencies:
      function-bind "^1.0.2"
  
  is-callable@^1.1.1, is-callable@^1.1.3:
    version "1.1.3"
    resolved "https://registry.yarnpkg.com/is-callable/-/is-callable-1.1.3.tgz#86eb75392805ddc33af71c92a0eedf74ee7604b2"
  
  is-date-object@^1.0.1:
    version "1.0.1"
    resolved "https://registry.yarnpkg.com/is-date-object/-/is-date-object-1.0.1.tgz#9aa20eb6aeebbff77fbd33e74ca01b33581d3a16"
  
  is-regex@^1.0.4:
    version "1.0.4"
    resolved "https://registry.yarnpkg.com/is-regex/-/is-regex-1.0.4.tgz#5517489b547091b0930e095654ced25ee97e9491"
    dependencies:
      has "^1.0.1"
  
  is-symbol@^1.0.1:
    version "1.0.1"
    resolved "https://registry.yarnpkg.com/is-symbol/-/is-symbol-1.0.1.tgz#3cc59f00025194b6ab2e38dbae6689256b660572"
  
  leakage@^0.3.0:
    version "0.3.0"
    resolved "https://registry.yarnpkg.com/leakage/-/leakage-0.3.0.tgz#15d698abdc76bbc6439601f4f3020e77e2d50c39"
    dependencies:
      es6-error "^4.0.2"
      left-pad "^1.1.3"
      memwatch-next "^0.3.0"
      minimist "^1.2.0"
      pretty-bytes "^4.0.2"
  
  left-pad@^1.1.3:
    version "1.3.0"
    resolved "https://registry.yarnpkg.com/left-pad/-/left-pad-1.3.0.tgz#5b8a3a7765dfe001261dde915589e782f8c94d1e"
  
  lodash.get@~4.4.2:
    version "4.4.2"
    resolved "https://registry.yarnpkg.com/lodash.get/-/lodash.get-4.4.2.tgz#2d177f652fa31e939b4438d5341499dfa3825e99"
  
  memwatch-next@^0.3.0:
    version "0.3.0"
    resolved "https://registry.yarnpkg.com/memwatch-next/-/memwatch-next-0.3.0.tgz#2111050f9a906e0aa2d72a4ec0f0089c78726f8f"
    dependencies:
      bindings "^1.2.1"
      nan "^2.3.2"
  
  minimist@^1.2.0:
    version "1.2.0"
    resolved "https://registry.yarnpkg.com/minimist/-/minimist-1.2.0.tgz#a35008b20f41383eec1fb914f4cd5df79a264284"
  
  nan@^2.3.2:
    version "2.10.0"
    resolved "https://registry.yarnpkg.com/nan/-/nan-2.10.0.tgz#96d0cd610ebd58d4b4de9cc0c6828cda99c7548f"
  
  object-keys@^1.0.8:
    version "1.0.11"
    resolved "https://registry.yarnpkg.com/object-keys/-/object-keys-1.0.11.tgz#c54601778ad560f1142ce0e01bcca8b56d13426d"
  
  object.getownpropertydescriptors@^2.0.3:
    version "2.0.3"
    resolved "https://registry.yarnpkg.com/object.getownpropertydescriptors/-/object.getownpropertydescriptors-2.0.3.tgz#8758c846f5b407adab0f236e0986f14b051caa16"
    dependencies:
      define-properties "^1.1.2"
      es-abstract "^1.5.1"
  
  pathval@^1.0.0:
    version "1.1.0"
    resolved "https://registry.yarnpkg.com/pathval/-/pathval-1.1.0.tgz#b942e6d4bde653005ef6b71361def8727d0645e0"
  
  pretty-bytes@^4.0.2:
    version "4.0.2"
    resolved "https://registry.yarnpkg.com/pretty-bytes/-/pretty-bytes-4.0.2.tgz#b2bf82e7350d65c6c33aa95aaa5a4f6327f61cd9"
  
  smartchai@^2.0.0:
    version "2.0.1"
    resolved "https://registry.yarnpkg.com/smartchai/-/smartchai-2.0.1.tgz#d20f17221f0e3c6c3473600b78ddfba0ab0ea762"
    dependencies:
      "@types/chai" "^4.1.2"
      "@types/chai-as-promised" "^7.1.0"
      "@types/chai-string" "^1.4.0"
      chai "^4.1.2"
      chai-as-promised "^7.1.1"
      chai-string "^1.4.0"
  
  smartdelay@^1.0.3:
    version "1.0.4"
    resolved "https://registry.yarnpkg.com/smartdelay/-/smartdelay-1.0.4.tgz#791c1a4ee6770494064c10b1d2d2b8e6f3105b82"
    dependencies:
      smartq "^1.1.1"
      typings-global "^1.0.16"
  
  smartq@^1.1.1:
    version "1.1.8"
    resolved "https://registry.yarnpkg.com/smartq/-/smartq-1.1.8.tgz#7e2f3b9739eb5d6c9f45f2a86e339ec81e49e8d2"
    dependencies:
      util.promisify "^1.0.0"
  
  stream-transform@^1.0.2:
    version "1.0.2"
    resolved "https://registry.yarnpkg.com/stream-transform/-/stream-transform-1.0.2.tgz#47de4d15fbc29b7e2a7e54d25e99538876f114c1"
  
  tapbundle@^2.0.0:
    version "2.0.0"
    resolved "https://registry.yarnpkg.com/tapbundle/-/tapbundle-2.0.0.tgz#79fce68ff185c786fabaf6eb589a4afc7d2714b7"
    dependencies:
      early "^2.1.1"
      leakage "^0.3.0"
      smartchai "^2.0.0"
      smartdelay "^1.0.3"
      smartq "^1.1.1"
  
  type-detect@^4.0.0:
    version "4.0.8"
    resolved "https://registry.yarnpkg.com/type-detect/-/type-detect-4.0.8.tgz#7646fb5f18871cfbb7749e69bd39a6388eb7450c"
  
  typings-global@^1.0.14, typings-global@^1.0.16:
    version "1.0.28"
    resolved "https://registry.yarnpkg.com/typings-global/-/typings-global-1.0.28.tgz#e28cc965476564cbc00e438739e0aa0735d323d4"
  
  util.promisify@^1.0.0:
    version "1.0.0"
    resolved "https://registry.yarnpkg.com/util.promisify/-/util.promisify-1.0.0.tgz#440f7165a459c9a16dc145eb8e72f35687097030"
    dependencies:
      define-properties "^1.1.2"
      object.getownpropertydescriptors "^2.0.3"

Trace: 
  Error: This module isn't specified in a manifest.
      at new MessageError (/Users/philkunz/.yarn/lib/cli.js:186:110)
      at Object.<anonymous> (/Users/philkunz/.yarn/lib/cli.js:60445:15)
      at Generator.next (<anonymous>)
      at step (/Users/philkunz/.yarn/lib/cli.js:98:30)
      at /Users/philkunz/.yarn/lib/cli.js:109:13
      at <anonymous>
